0 info it worked if it ends with ok
1 verbose cli [ '/usr/bin/node', '/usr/bin/npm', 'instal' ]
2 info using npm@2.5.1
3 info using node@v0.12.1
4 verbose node symlink /usr/bin/node
5 error install Couldn't read dependencies
6 verbose stack Error: ENOENT, open '/home/Eugen/Work/key/package.json'
6 verbose stack     at Error (native)
7 verbose cwd /home/Eugen/Work/key
8 error Linux 4.1.6-201.fc22.x86_64
9 error argv "/usr/bin/node" "/usr/bin/npm" "instal"
10 error node v0.12.1
11 error npm  v2.5.1
12 error path /home/Eugen/Work/key/package.json
13 error code ENOPACKAGEJSON
14 error errno -2
15 error package.json ENOENT, open '/home/Eugen/Work/key/package.json'
15 error package.json This is most likely not a problem with npm itself.
15 error package.json npm can't find a package.json file in your current directory.
16 verbose exit [ -2, true ]
